[0324/034957.882:ERROR:os_crypt_win.cc(93)] Failed to decrypt: Clave no válida para utilizar en el estado especificado. (0x8009000B)
[0324/035158.919:ERROR:gpu_init.cc(426)] Passthrough is not supported, GL is disabled
[0324/035646.121:WARNING:used_ids.h(55)] Duplicate id found. Reassigning from 104 to 127
[0324/035646.121:WARNING:used_ids.h(55)] Duplicate id found. Reassigning from 102 to 125
[0324/035646.121:WARNING:used_ids.h(55)] Duplicate id found. Reassigning from 104 to 124
[0324/035646.121:WARNING:used_ids.h(55)] Duplicate id found. Reassigning from 106 to 123
[0324/035646.121:WARNING:used_ids.h(55)] Duplicate id found. Reassigning from 110 to 122
[0324/035646.121:WARNING:used_ids.h(55)] Duplicate id found. Reassigning from 103 to 121
[0324/035646.121:WARNING:used_ids.h(55)] Duplicate id found. Reassigning from 105 to 120
[0324/035646.122:WARNING:used_ids.h(55)] Duplicate id found. Reassigning from 111 to 119
[0324/035646.122:WARNING:used_ids.h(55)] Duplicate id found. Reassigning from 1 to 14
[0324/035646.122:WARNING:used_ids.h(55)] Duplicate id found. Reassigning from 3 to 13
[0324/035646.122:WARNING:used_ids.h(55)] Duplicate id found. Reassigning from 5 to 12
[0324/035646.122:WARNING:used_ids.h(55)] Duplicate id found. Reassigning from 6 to 11
[0324/035646.135:ERROR:audio_rtp_receiver.cc(88)] AudioRtpReceiver::OnSetVolume: No audio channel exists.
[0324/035655.866:ERROR:audio_rtp_receiver.cc(88)] AudioRtpReceiver::OnSetVolume: No audio channel exists.
[0324/035655.866:WARNING:used_ids.h(55)] Duplicate id found. Reassigning from 104 to 127
[0324/035655.866:WARNING:used_ids.h(55)] Duplicate id found. Reassigning from 102 to 125
[0324/035655.866:WARNING:used_ids.h(55)] Duplicate id found. Reassigning from 104 to 124
[0324/035655.866:WARNING:used_ids.h(55)] Duplicate id found. Reassigning from 106 to 123
[0324/035655.866:WARNING:used_ids.h(55)] Duplicate id found. Reassigning from 110 to 122
[0324/035655.866:WARNING:used_ids.h(55)] Duplicate id found. Reassigning from 103 to 121
[0324/035655.866:WARNING:used_ids.h(55)] Duplicate id found. Reassigning from 105 to 120
[0324/035655.866:WARNING:used_ids.h(55)] Duplicate id found. Reassigning from 111 to 119
[0324/035655.867:WARNING:used_ids.h(55)] Duplicate id found. Reassigning from 1 to 14
[0324/035655.867:WARNING:used_ids.h(55)] Duplicate id found. Reassigning from 3 to 13
[0324/035655.867:WARNING:used_ids.h(55)] Duplicate id found. Reassigning from 5 to 12
[0324/035655.867:WARNING:used_ids.h(55)] Duplicate id found. Reassigning from 6 to 11
[0324/035700.281:WARNING:used_ids.h(55)] Duplicate id found. Reassigning from 104 to 127
[0324/035700.281:WARNING:used_ids.h(55)] Duplicate id found. Reassigning from 102 to 125
[0324/035700.281:WARNING:used_ids.h(55)] Duplicate id found. Reassigning from 104 to 124
[0324/035700.281:WARNING:used_ids.h(55)] Duplicate id found. Reassigning from 106 to 123
[0324/035700.282:WARNING:used_ids.h(55)] Duplicate id found. Reassigning from 110 to 122
[0324/035700.282:WARNING:used_ids.h(55)] Duplicate id found. Reassigning from 103 to 121
[0324/035700.282:WARNING:used_ids.h(55)] Duplicate id found. Reassigning from 105 to 120
[0324/035700.282:WARNING:used_ids.h(55)] Duplicate id found. Reassigning from 111 to 119
[0324/035700.282:WARNING:used_ids.h(55)] Duplicate id found. Reassigning from 1 to 14
[0324/035700.282:WARNING:used_ids.h(55)] Duplicate id found. Reassigning from 3 to 13
[0324/035700.282:WARNING:used_ids.h(55)] Duplicate id found. Reassigning from 5 to 12
[0324/035700.282:WARNING:used_ids.h(55)] Duplicate id found. Reassigning from 6 to 11
[0324/035700.282:ERROR:audio_rtp_receiver.cc(88)] AudioRtpReceiver::OnSetVolume: No audio channel exists.
[0324/035704.489:ERROR:audio_rtp_receiver.cc(88)] AudioRtpReceiver::OnSetVolume: No audio channel exists.
[0324/035704.489:WARNING:used_ids.h(55)] Duplicate id found. Reassigning from 104 to 127
[0324/035704.490:WARNING:used_ids.h(55)] Duplicate id found. Reassigning from 102 to 125
[0324/035704.490:WARNING:used_ids.h(55)] Duplicate id found. Reassigning from 104 to 124
[0324/035704.490:WARNING:used_ids.h(55)] Duplicate id found. Reassigning from 106 to 123
[0324/035704.490:WARNING:used_ids.h(55)] Duplicate id found. Reassigning from 110 to 122
[0324/035704.490:WARNING:used_ids.h(55)] Duplicate id found. Reassigning from 103 to 121
[0324/035704.490:WARNING:used_ids.h(55)] Duplicate id found. Reassigning from 105 to 120
[0324/035704.490:WARNING:used_ids.h(55)] Duplicate id found. Reassigning from 111 to 119
[0324/035704.490:WARNING:used_ids.h(55)] Duplicate id found. Reassigning from 1 to 14
[0324/035704.490:WARNING:used_ids.h(55)] Duplicate id found. Reassigning from 3 to 13
[0324/035704.490:WARNING:used_ids.h(55)] Duplicate id found. Reassigning from 5 to 12
[0324/035704.490:WARNING:used_ids.h(55)] Duplicate id found. Reassigning from 6 to 11
[0324/035708.994:WARNING:used_ids.h(55)] Duplicate id found. Reassigning from 104 to 127
[0324/035708.994:WARNING:used_ids.h(55)] Duplicate id found. Reassigning from 102 to 125
[0324/035708.994:WARNING:used_ids.h(55)] Duplicate id found. Reassigning from 104 to 124
[0324/035708.994:WARNING:used_ids.h(55)] Duplicate id found. Reassigning from 106 to 123
[0324/035708.994:WARNING:used_ids.h(55)] Duplicate id found. Reassigning from 110 to 122
[0324/035708.994:WARNING:used_ids.h(55)] Duplicate id found. Reassigning from 103 to 121
[0324/035708.994:WARNING:used_ids.h(55)] Duplicate id found. Reassigning from 105 to 120
[0324/035708.994:WARNING:used_ids.h(55)] Duplicate id found. Reassigning from 111 to 119
[0324/035708.994:WARNING:used_ids.h(55)] Duplicate id found. Reassigning from 1 to 14
[0324/035708.994:WARNING:used_ids.h(55)] Duplicate id found. Reassigning from 3 to 13
[0324/035708.994:WARNING:used_ids.h(55)] Duplicate id found. Reassigning from 5 to 12
[0324/035708.994:WARNING:used_ids.h(55)] Duplicate id found. Reassigning from 6 to 11
[0324/035708.994:ERROR:audio_rtp_receiver.cc(88)] AudioRtpReceiver::OnSetVolume: No audio channel exists.
[0324/035741.764:WARNING:used_ids.h(55)] Duplicate id found. Reassigning from 104 to 127
[0324/035741.764:WARNING:used_ids.h(55)] Duplicate id found. Reassigning from 102 to 125
[0324/035741.764:WARNING:used_ids.h(55)] Duplicate id found. Reassigning from 104 to 124
[0324/035741.764:WARNING:used_ids.h(55)] Duplicate id found. Reassigning from 106 to 123
[0324/035741.764:WARNING:used_ids.h(55)] Duplicate id found. Reassigning from 110 to 122
[0324/035741.764:WARNING:used_ids.h(55)] Duplicate id found. Reassigning from 103 to 121
[0324/035741.764:WARNING:used_ids.h(55)] Duplicate id found. Reassigning from 105 to 120
[0324/035741.764:WARNING:used_ids.h(55)] Duplicate id found. Reassigning from 111 to 119
[0324/035741.764:WARNING:used_ids.h(55)] Duplicate id found. Reassigning from 1 to 14
[0324/035741.764:WARNING:used_ids.h(55)] Duplicate id found. Reassigning from 3 to 13
[0324/035741.764:WARNING:used_ids.h(55)] Duplicate id found. Reassigning from 5 to 12
[0324/035741.764:WARNING:used_ids.h(55)] Duplicate id found. Reassigning from 6 to 11
[0324/035741.764:ERROR:audio_rtp_receiver.cc(88)] AudioRtpReceiver::OnSetVolume: No audio channel exists.
[0324/035830.692:ERROR:audio_rtp_receiver.cc(88)] AudioRtpReceiver::OnSetVolume: No audio channel exists.
[0324/035830.692:WARNING:used_ids.h(55)] Duplicate id found. Reassigning from 104 to 127
[0324/035830.692:WARNING:used_ids.h(55)] Duplicate id found. Reassigning from 102 to 125
[0324/035830.692:WARNING:used_ids.h(55)] Duplicate id found. Reassigning from 104 to 124
[0324/035830.692:WARNING:used_ids.h(55)] Duplicate id found. Reassigning from 106 to 123
[0324/035830.692:WARNING:used_ids.h(55)] Duplicate id found. Reassigning from 110 to 122
[0324/035830.692:WARNING:used_ids.h(55)] Duplicate id found. Reassigning from 103 to 121
[0324/035830.692:WARNING:used_ids.h(55)] Duplicate id found. Reassigning from 105 to 120
[0324/035830.693:WARNING:used_ids.h(55)] Duplicate id found. Reassigning from 111 to 119
[0324/035830.693:WARNING:used_ids.h(55)] Duplicate id found. Reassigning from 1 to 14
[0324/035830.693:WARNING:used_ids.h(55)] Duplicate id found. Reassigning from 3 to 13
[0324/035830.693:WARNING:used_ids.h(55)] Duplicate id found. Reassigning from 5 to 12
[0324/035830.693:WARNING:used_ids.h(55)] Duplicate id found. Reassigning from 6 to 11
[0324/035857.044:WARNING:spdy_session.cc(3431)] Received HEADERS for invalid stream 25
[0324/035857.127:WARNING:spdy_session.cc(3431)] Received HEADERS for invalid stream 29
